生成启动时间为 2016/1/18 14:35:55。
     1>项目“G:\GitHub\characters Testing\SP\0115\0115\0115.vcxproj”在节点 2 上(build 个目标)。
     1>PrepareForBuild:
         正在创建目录“G:\GitHub\characters Testing\SP\0115\Debug\”。
       InitializeBuildStatus:
         正在创建“Debug\0115.unsuccessfulbuild”，因为已指定“AlwaysCreate”。
       ClCompile:
         d:\Program Files (x86)\Microsoft Visual Studio 10.0\VC\bin\CL.exe /c /ZI /nologo /W3 /WX- /Od /Oy- /D WIN32 /D _DEBUG /D _CONSOLE /D _MBCS /Gm /EHsc /RTC1 /MDd /GS /fp:precise /Zc:wchar_t /Zc:forScope /Yc"StdAfx.h" /Fp"Debug\0115.pch" /Fo"Debug\\" /Fd"Debug\vc100.pdb" /Gd /TP /analyze- /errorReport:prompt stdafx.cpp
         stdafx.cpp
         d:\Program Files (x86)\Microsoft Visual Studio 10.0\VC\bin\CL.exe /c /ZI /nologo /W3 /WX- /Od /Oy- /D WIN32 /D _DEBUG /D _CONSOLE /D _MBCS /Gm /EHsc /RTC1 /MDd /GS /fp:precise /Zc:wchar_t /Zc:forScope /Yu"StdAfx.h" /Fp"Debug\0115.pch" /Fo"Debug\\" /Fd"Debug\vc100.pdb" /Gd /TP /analyze- /errorReport:prompt 0115.cpp
         0115.cpp
       ManifestResourceCompile:
         c:\Program Files (x86)\Microsoft SDKs\Windows\v7.0A\bin\rc.exe /nologo /fo"Debug\0115.exe.embed.manifest.res" Debug\0115_manifest.rc 
       Link:
         d:\Program Files (x86)\Microsoft Visual Studio 10.0\VC\bin\link.exe /ERRORREPORT:PROMPT /OUT:"G:\GitHub\characters Testing\SP\0115\Debug\0115.exe" /INCREMENTAL /NOLOGO kernel32.lib user32.lib gdi32.lib winspool.lib comdlg32.lib advapi32.lib shell32.lib ole32.lib oleaut32.lib uuid.lib odbc32.lib odbccp32.lib /MANIFEST /ManifestFile:"Debug\0115.exe.intermediate.manifest" /MANIFESTUAC:"level='asInvoker' uiAccess='false'" /DEBUG /PDB:"G:\GitHub\characters Testing\SP\0115\Debug\0115.pdb" /SUBSYSTEM:CONSOLE /TLBID:1 /DYNAMICBASE /NXCOMPAT /IMPLIB:"G:\GitHub\characters Testing\SP\0115\Debug\0115.lib" /MACHINE:X86 Debug\0115.exe.embed.manifest.res
         Debug\0115.obj
         Debug\stdafx.obj
       Manifest:
         c:\Program Files (x86)\Microsoft SDKs\Windows\v7.0A\bin\mt.exe /nologo /verbose /out:"Debug\0115.exe.embed.manifest" /manifest Debug\0115.exe.intermediate.manifest
         c:\Program Files (x86)\Microsoft SDKs\Windows\v7.0A\bin\rc.exe /nologo /fo"Debug\0115.exe.embed.manifest.res" Debug\0115_manifest.rc 
       LinkEmbedManifest:
         d:\Program Files (x86)\Microsoft Visual Studio 10.0\VC\bin\link.exe /ERRORREPORT:PROMPT /OUT:"G:\GitHub\characters Testing\SP\0115\Debug\0115.exe" /INCREMENTAL /NOLOGO kernel32.lib user32.lib gdi32.lib winspool.lib comdlg32.lib advapi32.lib shell32.lib ole32.lib oleaut32.lib uuid.lib odbc32.lib odbccp32.lib /MANIFEST /ManifestFile:"Debug\0115.exe.intermediate.manifest" /MANIFESTUAC:"level='asInvoker' uiAccess='false'" /DEBUG /PDB:"G:\GitHub\characters Testing\SP\0115\Debug\0115.pdb" /SUBSYSTEM:CONSOLE /TLBID:1 /DYNAMICBASE /NXCOMPAT /IMPLIB:"G:\GitHub\characters Testing\SP\0115\Debug\0115.lib" /MACHINE:X86 Debug\0115.exe.embed.manifest.res
         Debug\0115.obj
         Debug\stdafx.obj
         0115.vcxproj -> G:\GitHub\characters Testing\SP\0115\Debug\0115.exe
       FinalizeBuildStatus:
         正在删除文件“Debug\0115.unsuccessfulbuild”。
         正在对“Debug\0115.lastbuildstate”执行 Touch 任务。
     1>已完成生成项目“G:\GitHub\characters Testing\SP\0115\0115\0115.vcxproj”(build 个目标)的操作。

生成成功。

已用时间 00:00:03.17
